2025.11.25 15:56:57 INFO  Started: Metals version 1.6.3 in folders '/Users/sahil.patel/Programming/w07 Shuffle' for client Visual Studio Code 1.104.0.
2025.11.25 15:56:57 WARN  Using H2 2.4.240 which is newer than the version Flyway has been verified with. The latest verified version of H2 is 2.3.232.
2025.11.25 15:56:58 INFO  no build target found for /Users/sahil.patel/Programming/w07 Shuffle/Card.scala. Using presentation compiler with project's scala-library version: 3.3.6
2025.11.25 15:56:59 INFO  Running List(/opt/homebrew/bin/scala-cli, setup-ide, /Users/sahil.patel/Programming/w07 Shuffle)
2025.11.25 15:56:59 INFO  Attempting to connect to the build server...
2025.11.25 15:56:59 INFO  Running BSP server List(/opt/homebrew/bin/scala-cli, bsp, --json-options, /Users/sahil.patel/Programming/w07 Shuffle/.scala-build/ide-options-v2.json, --json-launcher-options, /Users/sahil.patel/Programming/w07 Shuffle/.scala-build/ide-launcher-options.json, --envs-file, /Users/sahil.patel/Programming/w07 Shuffle/.scala-build/ide-envs.json, /Users/sahil.patel/Programming/w07 Shuffle)
2025.11.25 15:56:59 INFO  tracing is disabled for protocol BSP, to enable tracing of incoming and outgoing JSON messages create an empty file at /Users/sahil.patel/Programming/w07 Shuffle/.metals/bsp.trace.json or /Users/sahil.patel/Library/Caches/org.scalameta.metals/bsp.trace.json
2025.11.25 15:57:00 WARN  Could not find semantic tokens for: file:///Users/sahil.patel/Programming/w07%20Shuffle/Card.scala
2025.11.25 15:56:59 INFO  time: Connected to build server in 0.87s
2025.11.25 15:57:00 INFO  Connected to Build server: scala-cli v1.9.1
2025.11.25 15:56:59 INFO  Created report: Optional.empty
2025.11.25 15:56:59 INFO  Empty build targets. Expected at least one build target identifier. (full report at: "/Users/sahil.patel/Programming/w07 Shuffle/.metals/.reports/bloop/2025-11-25/r_Empty build targets...._15-57-00-626.md")
2025.11.25 15:56:59 INFO  Empty build targets. Expected at least one build target identifier. (full report at: "/Users/sahil.patel/Programming/w07 Shuffle/.metals/.reports/bloop/2025-11-25/r_Empty build targets...._15-57-00-626.md")
2025.11.25 15:56:59 INFO  Empty build targets. Expected at least one build target identifier. (full report at: "/Users/sahil.patel/Programming/w07 Shuffle/.metals/.reports/bloop/2025-11-25/r_Empty build targets...._15-57-00-626.md")
2025.11.25 15:56:59 INFO  Empty build targets. Expected at least one build target identifier. (full report at: "/Users/sahil.patel/Programming/w07 Shuffle/.metals/.reports/bloop/2025-11-25/r_Empty build targets...._15-57-00-626.md")
2025.11.25 15:56:59 INFO  compiling w07 shuffle_35ad704e9f (1 scala source)
2025.11.25 15:57:00 INFO  no build target found for /Users/sahil.patel/Programming/w07 Shuffle/Card.scala. Using presentation compiler with project's scala-library version: 3.3.6
2025.11.25 15:57:00 WARN  Could not find semantic tokens for: file:///Users/sahil.patel/Programming/w07%20Shuffle/Card.scala
2025.11.25 15:57:01 WARN  Using H2 2.4.240 which is newer than the version Flyway has been verified with. The latest verified version of H2 is 2.3.232.
2025.11.25 15:57:01 INFO  time: indexed workspace in 1.01s
2025.11.25 15:57:01 WARN  no build target for: /Users/sahil.patel/Programming/w07 Shuffle/Card.scala
2025.11.25 15:57:01 INFO  no build target found for /Users/sahil.patel/Programming/w07 Shuffle/Card.scala. Using presentation compiler with project's scala-library version: 3.3.6
2025.11.25 15:57:01 INFO  no build target found for /Users/sahil.patel/Programming/w07 Shuffle/Card.scala. Using presentation compiler with project's scala-library version: 3.3.6
2025.11.25 15:57:01 WARN  no build target for: /Users/sahil.patel/Programming/w07 Shuffle/Card.scala
2025.11.25 15:57:01 WARN  Could not find semantic tokens for: file:///Users/sahil.patel/Programming/w07%20Shuffle/Card.scala
2025.11.25 15:57:02 INFO  no build target found for /Users/sahil.patel/Programming/w07 Shuffle/Card.scala. Using presentation compiler with project's scala-library version: 3.3.6
2025.11.25 15:57:02 WARN  Could not find semantic tokens for: file:///Users/sahil.patel/Programming/w07%20Shuffle/Card.scala
2025.11.25 15:57:05 INFO  no build target found for /Users/sahil.patel/Programming/w07 Shuffle/Deck.scala. Using presentation compiler with project's scala-library version: 3.3.6
2025.11.25 15:57:05 INFO  no build target found for /Users/sahil.patel/Programming/w07 Shuffle/Deck.scala. Using presentation compiler with project's scala-library version: 3.3.6
2025.11.25 15:57:05 WARN  no build target for: /Users/sahil.patel/Programming/w07 Shuffle/Deck.scala
2025.11.25 15:57:05 WARN  no build target for: /Users/sahil.patel/Programming/w07 Shuffle/Deck.scala
2025.11.25 15:57:05 INFO  no build target found for /Users/sahil.patel/Programming/w07 Shuffle/Deck.scala. Using presentation compiler with project's scala-library version: 3.3.6
2025.11.25 15:57:05 WARN  Could not find semantic tokens for: file:///Users/sahil.patel/Programming/w07%20Shuffle/Deck.scala
2025.11.25 15:57:05 INFO  Empty build targets. Expected at least one build target identifier. (full report at: "/Users/sahil.patel/Programming/w07 Shuffle/.metals/.reports/bloop/2025-11-25/r_Empty build targets...._15-57-00-626.md")
2025.11.25 15:57:05 INFO  Empty build targets. Expected at least one build target identifier. (full report at: "/Users/sahil.patel/Programming/w07 Shuffle/.metals/.reports/bloop/2025-11-25/r_Empty build targets...._15-57-00-626.md")
2025.11.25 15:57:05 INFO  Empty build targets. Expected at least one build target identifier. (full report at: "/Users/sahil.patel/Programming/w07 Shuffle/.metals/.reports/bloop/2025-11-25/r_Empty build targets...._15-57-00-626.md")
2025.11.25 15:57:05 INFO  Empty build targets. Expected at least one build target identifier. (full report at: "/Users/sahil.patel/Programming/w07 Shuffle/.metals/.reports/bloop/2025-11-25/r_Empty build targets...._15-57-00-626.md")
2025.11.25 15:57:05 INFO  compiling w07 shuffle_35ad704e9f (1 scala source)
2025.11.25 15:57:05 INFO  no build target found for /Users/sahil.patel/Programming/w07 Shuffle/Deck.scala. Using presentation compiler with project's scala-library version: 3.3.6
2025.11.25 15:57:05 WARN  Could not find semantic tokens for: file:///Users/sahil.patel/Programming/w07%20Shuffle/Deck.scala
2025.11.25 15:57:06 INFO  time: indexed workspace in 0.56s
2025.11.25 15:57:06 WARN  no build target for: /Users/sahil.patel/Programming/w07 Shuffle/Deck.scala
2025.11.25 15:57:05 INFO  no build target found for /Users/sahil.patel/Programming/w07 Shuffle/Deck.scala. Using presentation compiler with project's scala-library version: 3.3.6
2025.11.25 15:57:05 WARN  Could not find semantic tokens for: file:///Users/sahil.patel/Programming/w07%20Shuffle/Deck.scala
2025.11.25 15:57:06 INFO  no build target found for /Users/sahil.patel/Programming/w07 Shuffle/Deck.scala. Using presentation compiler with project's scala-library version: 3.3.6
2025.11.25 15:57:17 INFO  no build target found for /Users/sahil.patel/Programming/w07 Shuffle/Hand.scala. Using presentation compiler with project's scala-library version: 3.3.6
2025.11.25 15:57:17 INFO  no build target found for /Users/sahil.patel/Programming/w07 Shuffle/Hand.scala. Using presentation compiler with project's scala-library version: 3.3.6
2025.11.25 15:57:17 WARN  no build target for: /Users/sahil.patel/Programming/w07 Shuffle/Hand.scala
2025.11.25 15:57:17 INFO  no build target found for /Users/sahil.patel/Programming/w07 Shuffle/Hand.scala. Using presentation compiler with project's scala-library version: 3.3.6
2025.11.25 15:57:17 WARN  no build target for: /Users/sahil.patel/Programming/w07 Shuffle/Hand.scala
2025.11.25 15:57:17 WARN  Could not find semantic tokens for: file:///Users/sahil.patel/Programming/w07%20Shuffle/Hand.scala
2025.11.25 15:57:18 INFO  Empty build targets. Expected at least one build target identifier. (full report at: "/Users/sahil.patel/Programming/w07 Shuffle/.metals/.reports/bloop/2025-11-25/r_Empty build targets...._15-57-00-626.md")
2025.11.25 15:57:18 INFO  Empty build targets. Expected at least one build target identifier. (full report at: "/Users/sahil.patel/Programming/w07 Shuffle/.metals/.reports/bloop/2025-11-25/r_Empty build targets...._15-57-00-626.md")
2025.11.25 15:57:18 INFO  Empty build targets. Expected at least one build target identifier. (full report at: "/Users/sahil.patel/Programming/w07 Shuffle/.metals/.reports/bloop/2025-11-25/r_Empty build targets...._15-57-00-626.md")
2025.11.25 15:57:18 INFO  Empty build targets. Expected at least one build target identifier. (full report at: "/Users/sahil.patel/Programming/w07 Shuffle/.metals/.reports/bloop/2025-11-25/r_Empty build targets...._15-57-00-626.md")
2025.11.25 15:57:18 INFO  compiling w07 shuffle_35ad704e9f (1 scala source)
2025.11.25 15:57:18 INFO  no build target found for /Users/sahil.patel/Programming/w07 Shuffle/Hand.scala. Using presentation compiler with project's scala-library version: 3.3.6
2025.11.25 15:57:18 WARN  Could not find semantic tokens for: file:///Users/sahil.patel/Programming/w07%20Shuffle/Hand.scala
2025.11.25 15:57:18 INFO  no build target found for /Users/sahil.patel/Programming/w07 Shuffle/Hand.scala. Using presentation compiler with project's scala-library version: 3.3.6
2025.11.25 15:57:17 INFO  time: indexed workspace in 0.56s
2025.11.25 15:57:17 WARN  no build target for: /Users/sahil.patel/Programming/w07 Shuffle/Hand.scala
2025.11.25 15:57:18 INFO  no build target found for /Users/sahil.patel/Programming/w07 Shuffle/Hand.scala. Using presentation compiler with project's scala-library version: 3.3.6
2025.11.25 15:57:18 WARN  Could not find semantic tokens for: file:///Users/sahil.patel/Programming/w07%20Shuffle/Hand.scala
2025.11.25 15:57:29 INFO  no build target found for /Users/sahil.patel/Programming/w07 Shuffle/PokerProbability.scala. Using presentation compiler with project's scala-library version: 3.3.6
2025.11.25 15:57:29 WARN  no build target for: /Users/sahil.patel/Programming/w07 Shuffle/PokerProbability.scala
2025.11.25 15:57:29 INFO  no build target found for /Users/sahil.patel/Programming/w07 Shuffle/PokerProbability.scala. Using presentation compiler with project's scala-library version: 3.3.6
2025.11.25 15:57:29 WARN  no build target for: /Users/sahil.patel/Programming/w07 Shuffle/PokerProbability.scala
2025.11.25 15:57:29 INFO  no build target found for /Users/sahil.patel/Programming/w07 Shuffle/PokerProbability.scala. Using presentation compiler with project's scala-library version: 3.3.6
2025.11.25 15:57:29 WARN  Could not find semantic tokens for: file:///Users/sahil.patel/Programming/w07%20Shuffle/PokerProbability.scala
2025.11.25 15:57:29 INFO  Empty build targets. Expected at least one build target identifier. (full report at: "/Users/sahil.patel/Programming/w07 Shuffle/.metals/.reports/bloop/2025-11-25/r_Empty build targets...._15-57-00-626.md")
2025.11.25 15:57:29 INFO  Empty build targets. Expected at least one build target identifier. (full report at: "/Users/sahil.patel/Programming/w07 Shuffle/.metals/.reports/bloop/2025-11-25/r_Empty build targets...._15-57-00-626.md")
2025.11.25 15:57:29 INFO  Empty build targets. Expected at least one build target identifier. (full report at: "/Users/sahil.patel/Programming/w07 Shuffle/.metals/.reports/bloop/2025-11-25/r_Empty build targets...._15-57-00-626.md")
2025.11.25 15:57:29 INFO  Empty build targets. Expected at least one build target identifier. (full report at: "/Users/sahil.patel/Programming/w07 Shuffle/.metals/.reports/bloop/2025-11-25/r_Empty build targets...._15-57-00-626.md")
2025.11.25 15:57:29 INFO  compiling w07 shuffle_35ad704e9f (1 scala source)
2025.11.25 15:57:29 INFO  no build target found for /Users/sahil.patel/Programming/w07 Shuffle/PokerProbability.scala. Using presentation compiler with project's scala-library version: 3.3.6
2025.11.25 15:57:29 WARN  Could not find semantic tokens for: file:///Users/sahil.patel/Programming/w07%20Shuffle/PokerProbability.scala
2025.11.25 15:57:29 INFO  no build target found for /Users/sahil.patel/Programming/w07 Shuffle/PokerProbability.scala. Using presentation compiler with project's scala-library version: 3.3.6
2025.11.25 15:57:29 INFO  time: indexed workspace in 0.51s
2025.11.25 15:57:29 WARN  no build target for: /Users/sahil.patel/Programming/w07 Shuffle/PokerProbability.scala
2025.11.25 15:57:29 INFO  no build target found for /Users/sahil.patel/Programming/w07 Shuffle/PokerProbability.scala. Using presentation compiler with project's scala-library version: 3.3.6
2025.11.25 15:57:29 WARN  Could not find semantic tokens for: file:///Users/sahil.patel/Programming/w07%20Shuffle/PokerProbability.scala
2025.11.25 15:58:09 INFO  no build target found for /Users/sahil.patel/Programming/w07 Shuffle/project.scala. Using presentation compiler with project's scala-library version: 3.3.6
2025.11.25 15:58:09 INFO  no build target found for /Users/sahil.patel/Programming/w07 Shuffle/project.scala. Using presentation compiler with project's scala-library version: 3.3.6
2025.11.25 15:58:09 WARN  no build target for: /Users/sahil.patel/Programming/w07 Shuffle/project.scala
2025.11.25 15:58:09 INFO  no build target found for /Users/sahil.patel/Programming/w07 Shuffle/project.scala. Using presentation compiler with project's scala-library version: 3.3.6
2025.11.25 15:58:09 WARN  no build target for: /Users/sahil.patel/Programming/w07 Shuffle/project.scala
2025.11.25 15:58:09 WARN  Could not find semantic tokens for: file:///Users/sahil.patel/Programming/w07%20Shuffle/project.scala
2025.11.25 15:58:09 INFO  Empty build targets. Expected at least one build target identifier. (full report at: "/Users/sahil.patel/Programming/w07 Shuffle/.metals/.reports/bloop/2025-11-25/r_Empty build targets...._15-57-00-626.md")
2025.11.25 15:58:09 INFO  Empty build targets. Expected at least one build target identifier. (full report at: "/Users/sahil.patel/Programming/w07 Shuffle/.metals/.reports/bloop/2025-11-25/r_Empty build targets...._15-57-00-626.md")
2025.11.25 15:58:09 INFO  Empty build targets. Expected at least one build target identifier. (full report at: "/Users/sahil.patel/Programming/w07 Shuffle/.metals/.reports/bloop/2025-11-25/r_Empty build targets...._15-57-00-626.md")
2025.11.25 15:58:09 INFO  Empty build targets. Expected at least one build target identifier. (full report at: "/Users/sahil.patel/Programming/w07 Shuffle/.metals/.reports/bloop/2025-11-25/r_Empty build targets...._15-57-00-626.md")
2025.11.25 15:58:09 INFO  compiling w07 shuffle_35ad704e9f (1 scala source)
2025.11.25 15:58:09 INFO  no build target found for /Users/sahil.patel/Programming/w07 Shuffle/project.scala. Using presentation compiler with project's scala-library version: 3.3.6
2025.11.25 15:58:09 INFO  no build target found for /Users/sahil.patel/Programming/w07 Shuffle/project.scala. Using presentation compiler with project's scala-library version: 3.3.6
2025.11.25 15:58:09 WARN  Could not find semantic tokens for: file:///Users/sahil.patel/Programming/w07%20Shuffle/project.scala
2025.11.25 15:58:09 INFO  time: indexed workspace in 0.53s
2025.11.25 15:58:09 WARN  no build target for: /Users/sahil.patel/Programming/w07 Shuffle/project.scala
2025.11.25 15:58:09 INFO  no build target found for /Users/sahil.patel/Programming/w07 Shuffle/project.scala. Using presentation compiler with project's scala-library version: 3.3.6
2025.11.25 15:58:09 WARN  Could not find semantic tokens for: file:///Users/sahil.patel/Programming/w07%20Shuffle/project.scala
2025.11.25 15:58:13 WARN  no build target for: /Users/sahil.patel/Programming/w07 Shuffle/Card.scala
2025.11.25 15:58:13 INFO  no build target found for /Users/sahil.patel/Programming/w07 Shuffle/Card.scala. Using presentation compiler with project's scala-library version: 3.3.6
2025.11.25 15:58:13 WARN  Could not find semantic tokens for: file:///Users/sahil.patel/Programming/w07%20Shuffle/Card.scala
2025.11.25 15:58:15 INFO  no build target found for /Users/sahil.patel/Programming/w07 Shuffle/Card.scala. Using presentation compiler with project's scala-library version: 3.3.6
2025.11.25 15:58:17 WARN  no build target for: /Users/sahil.patel/Programming/w07 Shuffle/Card.scala
2025.11.25 15:58:17 INFO  no build target found for /Users/sahil.patel/Programming/w07 Shuffle/Card.scala. Using presentation compiler with project's scala-library version: 3.3.6
2025.11.25 15:58:17 WARN  Could not find semantic tokens for: file:///Users/sahil.patel/Programming/w07%20Shuffle/Card.scala
2025.11.25 15:59:38 INFO  no build target found for /Users/sahil.patel/Programming/w07 Shuffle/Card.scala. Using presentation compiler with project's scala-library version: 3.3.6
2025.11.25 15:59:38 INFO  no build target found for /Users/sahil.patel/Programming/w07 Shuffle/Card.scala. Using presentation compiler with project's scala-library version: 3.3.6
2025.11.25 15:59:39 INFO  no build target found for /Users/sahil.patel/Programming/w07 Shuffle/Card.scala. Using presentation compiler with project's scala-library version: 3.3.6
2025.11.25 15:59:39 INFO  no build target found for /Users/sahil.patel/Programming/w07 Shuffle/Card.scala. Using presentation compiler with project's scala-library version: 3.3.6
2025.11.25 15:59:42 INFO  no build target found for /Users/sahil.patel/Programming/w07 Shuffle/Card.scala. Using presentation compiler with project's scala-library version: 3.3.6
2025.11.25 15:59:57 WARN  no build target for: /Users/sahil.patel/Programming/w07 Shuffle/Card.scala
2025.11.25 15:59:57 INFO  no build target found for /Users/sahil.patel/Programming/w07 Shuffle/Card.scala. Using presentation compiler with project's scala-library version: 3.3.6
2025.11.25 16:00:07 WARN  no build target for: /Users/sahil.patel/Programming/w07 Shuffle/Deck.scala
2025.11.25 16:00:07 INFO  no build target found for /Users/sahil.patel/Programming/w07 Shuffle/Deck.scala. Using presentation compiler with project's scala-library version: 3.3.6
2025.11.25 16:00:07 WARN  Could not find semantic tokens for: file:///Users/sahil.patel/Programming/w07%20Shuffle/Deck.scala
2025.11.25 16:00:07 INFO  no build target found for /Users/sahil.patel/Programming/w07 Shuffle/Deck.scala. Using presentation compiler with project's scala-library version: 3.3.6
2025.11.25 16:00:08 INFO  no build target found for /Users/sahil.patel/Programming/w07 Shuffle/Deck.scala. Using presentation compiler with project's scala-library version: 3.3.6
2025.11.25 16:00:08 INFO  no build target found for /Users/sahil.patel/Programming/w07 Shuffle/Deck.scala. Using presentation compiler with project's scala-library version: 3.3.6
2025.11.25 16:00:09 INFO  no build target found for /Users/sahil.patel/Programming/w07 Shuffle/Deck.scala. Using presentation compiler with project's scala-library version: 3.3.6
2025.11.25 16:00:09 INFO  no build target found for /Users/sahil.patel/Programming/w07 Shuffle/Deck.scala. Using presentation compiler with project's scala-library version: 3.3.6
2025.11.25 16:00:09 INFO  no build target found for /Users/sahil.patel/Programming/w07 Shuffle/Deck.scala. Using presentation compiler with project's scala-library version: 3.3.6
2025.11.25 16:00:08 INFO  no build target found for /Users/sahil.patel/Programming/w07 Shuffle/Deck.scala. Using presentation compiler with project's scala-library version: 3.3.6
2025.11.25 16:00:09 INFO  Created report: Optional[file:///Users/sahil.patel/Programming/w07%20Shuffle/Deck.scala]
2025.11.25 16:00:09 INFO  empty definition using pc, found symbol in pc: `<none>`. (full report at: "/Users/sahil.patel/Programming/w07 Shuffle/.metals/.reports/metals-full/2025-11-25/r_empty-definition_16-00-09-207.md")
2025.11.25 16:00:16 INFO  no build target found for /Users/sahil.patel/Programming/w07 Shuffle/Deck.scala. Using presentation compiler with project's scala-library version: 3.3.6
2025.11.25 16:00:16 INFO  no build target found for /Users/sahil.patel/Programming/w07 Shuffle/Deck.scala. Using presentation compiler with project's scala-library version: 3.3.6
2025.11.25 16:00:16 WARN  no build target for: /Users/sahil.patel/Programming/w07 Shuffle/Deck.scala
2025.11.25 16:00:16 INFO  no build target found for /Users/sahil.patel/Programming/w07 Shuffle/Deck.scala. Using presentation compiler with project's scala-library version: 3.3.6
2025.11.25 16:00:16 WARN  no build target for: /Users/sahil.patel/Programming/w07 Shuffle/Hand.scala
2025.11.25 16:00:17 INFO  no build target found for /Users/sahil.patel/Programming/w07 Shuffle/Hand.scala. Using presentation compiler with project's scala-library version: 3.3.6
2025.11.25 16:00:17 WARN  Could not find semantic tokens for: file:///Users/sahil.patel/Programming/w07%20Shuffle/Hand.scala
2025.11.25 16:00:17 INFO  no build target found for /Users/sahil.patel/Programming/w07 Shuffle/Hand.scala. Using presentation compiler with project's scala-library version: 3.3.6
2025.11.25 16:00:27 INFO  no build target found for /Users/sahil.patel/Programming/w07 Shuffle/Hand.scala. Using presentation compiler with project's scala-library version: 3.3.6
2025.11.25 16:00:27 INFO  no build target found for /Users/sahil.patel/Programming/w07 Shuffle/Hand.scala. Using presentation compiler with project's scala-library version: 3.3.6
2025.11.25 16:00:28 INFO  no build target found for /Users/sahil.patel/Programming/w07 Shuffle/Hand.scala. Using presentation compiler with project's scala-library version: 3.3.6
2025.11.25 16:00:28 INFO  no build target found for /Users/sahil.patel/Programming/w07 Shuffle/Hand.scala. Using presentation compiler with project's scala-library version: 3.3.6
2025.11.25 16:00:31 INFO  no build target found for /Users/sahil.patel/Programming/w07 Shuffle/Hand.scala. Using presentation compiler with project's scala-library version: 3.3.6
2025.11.25 16:00:40 WARN  no build target for: /Users/sahil.patel/Programming/w07 Shuffle/Hand.scala
2025.11.25 16:00:40 INFO  no build target found for /Users/sahil.patel/Programming/w07 Shuffle/Hand.scala. Using presentation compiler with project's scala-library version: 3.3.6
2025.11.25 16:00:55 WARN  no build target for: /Users/sahil.patel/Programming/w07 Shuffle/PokerProbability.scala
2025.11.25 16:00:55 INFO  no build target found for /Users/sahil.patel/Programming/w07 Shuffle/PokerProbability.scala. Using presentation compiler with project's scala-library version: 3.3.6
2025.11.25 16:00:55 WARN  Could not find semantic tokens for: file:///Users/sahil.patel/Programming/w07%20Shuffle/PokerProbability.scala
2025.11.25 16:00:55 INFO  no build target found for /Users/sahil.patel/Programming/w07 Shuffle/PokerProbability.scala. Using presentation compiler with project's scala-library version: 3.3.6
2025.11.25 16:00:59 INFO  no build target found for /Users/sahil.patel/Programming/w07 Shuffle/PokerProbability.scala. Using presentation compiler with project's scala-library version: 3.3.6
2025.11.25 16:00:59 INFO  no build target found for /Users/sahil.patel/Programming/w07 Shuffle/PokerProbability.scala. Using presentation compiler with project's scala-library version: 3.3.6
2025.11.25 16:00:59 INFO  no build target found for /Users/sahil.patel/Programming/w07 Shuffle/PokerProbability.scala. Using presentation compiler with project's scala-library version: 3.3.6
2025.11.25 16:00:59 WARN  no build target for: /Users/sahil.patel/Programming/w07 Shuffle/PokerProbability.scala
2025.11.25 16:00:59 INFO  no build target found for /Users/sahil.patel/Programming/w07 Shuffle/PokerProbability.scala. Using presentation compiler with project's scala-library version: 3.3.6
2025.11.25 16:02:11 WARN  no build target for: /Users/sahil.patel/Programming/w07 Shuffle/Card.scala
2025.11.25 16:02:11 INFO  no build target found for /Users/sahil.patel/Programming/w07 Shuffle/Card.scala. Using presentation compiler with project's scala-library version: 3.3.6
2025.11.25 16:02:11 INFO  no build target found for /Users/sahil.patel/Programming/w07 Shuffle/Card.scala. Using presentation compiler with project's scala-library version: 3.3.6
2025.11.25 16:02:11 INFO  no build target found for /Users/sahil.patel/Programming/w07 Shuffle/Card.scala. Using presentation compiler with project's scala-library version: 3.3.6
2025.11.25 16:02:30 WARN  no build target for: /Users/sahil.patel/Programming/w07 Shuffle/Test.scala
2025.11.25 16:02:30 INFO  no build target found for /Users/sahil.patel/Programming/w07 Shuffle/Card.scala. Using presentation compiler with project's scala-library version: 3.3.6
2025.11.25 16:02:30 INFO  compiling w07 shuffle_35ad704e9f (5 scala sources)
2025.11.25 16:02:44 INFO  no build target found for /Users/sahil.patel/Programming/w07 Shuffle/Test.scala. Using presentation compiler with project's scala-library version: 3.3.6
2025.11.25 16:02:44 INFO  no build target found for /Users/sahil.patel/Programming/w07 Shuffle/Test.scala. Using presentation compiler with project's scala-library version: 3.3.6
2025.11.25 16:02:44 WARN  no build target for: /Users/sahil.patel/Programming/w07 Shuffle/Test.scala
2025.11.25 16:02:44 WARN  no build target for: /Users/sahil.patel/Programming/w07 Shuffle/Test.scala
2025.11.25 16:02:44 INFO  no build target found for /Users/sahil.patel/Programming/w07 Shuffle/Test.scala. Using presentation compiler with project's scala-library version: 3.3.6
2025.11.25 16:02:44 WARN  Could not find semantic tokens for: file:///Users/sahil.patel/Programming/w07%20Shuffle/Test.scala
2025.11.25 16:02:44 INFO  Empty build targets. Expected at least one build target identifier. (full report at: "/Users/sahil.patel/Programming/w07 Shuffle/.metals/.reports/bloop/2025-11-25/r_Empty build targets...._15-57-00-626.md")
2025.11.25 16:02:44 INFO  Empty build targets. Expected at least one build target identifier. (full report at: "/Users/sahil.patel/Programming/w07 Shuffle/.metals/.reports/bloop/2025-11-25/r_Empty build targets...._15-57-00-626.md")
2025.11.25 16:02:44 INFO  Empty build targets. Expected at least one build target identifier. (full report at: "/Users/sahil.patel/Programming/w07 Shuffle/.metals/.reports/bloop/2025-11-25/r_Empty build targets...._15-57-00-626.md")
2025.11.25 16:02:44 INFO  Empty build targets. Expected at least one build target identifier. (full report at: "/Users/sahil.patel/Programming/w07 Shuffle/.metals/.reports/bloop/2025-11-25/r_Empty build targets...._15-57-00-626.md")
2025.11.25 16:02:44 INFO  compiling w07 shuffle_35ad704e9f (1 scala source)
2025.11.25 16:02:44 INFO  no build target found for /Users/sahil.patel/Programming/w07 Shuffle/Test.scala. Using presentation compiler with project's scala-library version: 3.3.6
2025.11.25 16:02:44 INFO  no build target found for /Users/sahil.patel/Programming/w07 Shuffle/Test.scala. Using presentation compiler with project's scala-library version: 3.3.6
2025.11.25 16:02:44 WARN  Could not find semantic tokens for: file:///Users/sahil.patel/Programming/w07%20Shuffle/Test.scala
2025.11.25 16:02:44 INFO  time: indexed workspace in 0.68s
2025.11.25 16:02:44 WARN  no build target for: /Users/sahil.patel/Programming/w07 Shuffle/Test.scala
2025.11.25 16:02:44 INFO  no build target found for /Users/sahil.patel/Programming/w07 Shuffle/Test.scala. Using presentation compiler with project's scala-library version: 3.3.6
2025.11.25 16:02:44 WARN  Could not find semantic tokens for: file:///Users/sahil.patel/Programming/w07%20Shuffle/Test.scala
2025.11.25 16:02:54 INFO  no build target found for /Users/sahil.patel/Programming/w07 Shuffle/Test.scala. Using presentation compiler with project's scala-library version: 3.3.6
2025.11.25 16:02:54 INFO  no build target found for /Users/sahil.patel/Programming/w07 Shuffle/Test.scala. Using presentation compiler with project's scala-library version: 3.3.6
2025.11.25 16:02:55 INFO  no build target found for /Users/sahil.patel/Programming/w07 Shuffle/Test.scala. Using presentation compiler with project's scala-library version: 3.3.6
2025.11.25 16:03:01 INFO  no build target found for /Users/sahil.patel/Programming/w07 Shuffle/Test.scala. Using presentation compiler with project's scala-library version: 3.3.6
2025.11.25 16:03:01 INFO  no build target found for /Users/sahil.patel/Programming/w07 Shuffle/Test.scala. Using presentation compiler with project's scala-library version: 3.3.6
2025.11.25 16:03:05 WARN  no build target for: /Users/sahil.patel/Programming/w07 Shuffle/Test.scala
2025.11.25 16:03:05 INFO  no build target found for /Users/sahil.patel/Programming/w07 Shuffle/Test.scala. Using presentation compiler with project's scala-library version: 3.3.6
2025.11.25 16:03:24 WARN  no build target for: /Users/sahil.patel/Programming/w07 Shuffle/project.scala
2025.11.25 16:03:24 INFO  no build target found for /Users/sahil.patel/Programming/w07 Shuffle/project.scala. Using presentation compiler with project's scala-library version: 3.3.6
2025.11.25 16:03:24 WARN  Could not find semantic tokens for: file:///Users/sahil.patel/Programming/w07%20Shuffle/project.scala
2025.11.25 16:03:24 INFO  no build target found for /Users/sahil.patel/Programming/w07 Shuffle/project.scala. Using presentation compiler with project's scala-library version: 3.3.6
2025.11.25 16:03:26 INFO  no build target found for /Users/sahil.patel/Programming/w07 Shuffle/project.scala. Using presentation compiler with project's scala-library version: 3.3.6
2025.11.25 16:03:26 INFO  no build target found for /Users/sahil.patel/Programming/w07 Shuffle/project.scala. Using presentation compiler with project's scala-library version: 3.3.6
2025.11.25 16:03:26 INFO  no build target found for /Users/sahil.patel/Programming/w07 Shuffle/project.scala. Using presentation compiler with project's scala-library version: 3.3.6
2025.11.25 16:03:26 INFO  no build target found for /Users/sahil.patel/Programming/w07 Shuffle/project.scala. Using presentation compiler with project's scala-library version: 3.3.6
2025.11.25 16:03:26 WARN  Could not find semantic tokens for: file:///Users/sahil.patel/Programming/w07%20Shuffle/project.scala
2025.11.25 16:03:29 WARN  no build target for: /Users/sahil.patel/Programming/w07 Shuffle/project.scala
2025.11.25 16:03:29 INFO  no build target found for /Users/sahil.patel/Programming/w07 Shuffle/project.scala. Using presentation compiler with project's scala-library version: 3.3.6
2025.11.25 16:03:29 WARN  Could not find semantic tokens for: file:///Users/sahil.patel/Programming/w07%20Shuffle/project.scala
2025.11.25 16:03:37 WARN  no build target for: /Users/sahil.patel/Programming/w07 Shuffle/PokerProbability.scala
2025.11.25 16:03:37 INFO  no build target found for /Users/sahil.patel/Programming/w07 Shuffle/PokerProbability.scala. Using presentation compiler with project's scala-library version: 3.3.6
2025.11.25 16:03:37 INFO  no build target found for /Users/sahil.patel/Programming/w07 Shuffle/PokerProbability.scala. Using presentation compiler with project's scala-library version: 3.3.6
2025.11.25 16:03:37 INFO  no build target found for /Users/sahil.patel/Programming/w07 Shuffle/PokerProbability.scala. Using presentation compiler with project's scala-library version: 3.3.6
2025.11.25 16:03:38 WARN  no build target for: /Users/sahil.patel/Programming/w07 Shuffle/Hand.scala
2025.11.25 16:03:37 INFO  no build target found for /Users/sahil.patel/Programming/w07 Shuffle/Hand.scala. Using presentation compiler with project's scala-library version: 3.3.6
2025.11.25 16:03:37 INFO  no build target found for /Users/sahil.patel/Programming/w07 Shuffle/Hand.scala. Using presentation compiler with project's scala-library version: 3.3.6
2025.11.25 16:03:38 INFO  no build target found for /Users/sahil.patel/Programming/w07 Shuffle/Hand.scala. Using presentation compiler with project's scala-library version: 3.3.6
2025.11.25 16:03:38 INFO  no build target found for /Users/sahil.patel/Programming/w07 Shuffle/Hand.scala. Using presentation compiler with project's scala-library version: 3.3.6
2025.11.25 16:03:39 INFO  no build target found for /Users/sahil.patel/Programming/w07 Shuffle/Hand.scala. Using presentation compiler with project's scala-library version: 3.3.6
2025.11.25 16:03:39 WARN  no build target for: /Users/sahil.patel/Programming/w07 Shuffle/Deck.scala
2025.11.25 16:03:39 INFO  no build target found for /Users/sahil.patel/Programming/w07 Shuffle/Deck.scala. Using presentation compiler with project's scala-library version: 3.3.6
2025.11.25 16:03:40 INFO  no build target found for /Users/sahil.patel/Programming/w07 Shuffle/Deck.scala. Using presentation compiler with project's scala-library version: 3.3.6
2025.11.25 16:03:39 INFO  no build target found for /Users/sahil.patel/Programming/w07 Shuffle/Deck.scala. Using presentation compiler with project's scala-library version: 3.3.6
2025.11.25 16:03:39 INFO  no build target found for /Users/sahil.patel/Programming/w07 Shuffle/Deck.scala. Using presentation compiler with project's scala-library version: 3.3.6
2025.11.25 16:03:39 INFO  no build target found for /Users/sahil.patel/Programming/w07 Shuffle/Deck.scala. Using presentation compiler with project's scala-library version: 3.3.6
2025.11.25 16:03:40 WARN  no build target for: /Users/sahil.patel/Programming/w07 Shuffle/Test.scala
2025.11.25 16:03:39 INFO  no build target found for /Users/sahil.patel/Programming/w07 Shuffle/Test.scala. Using presentation compiler with project's scala-library version: 3.3.6
2025.11.25 16:03:40 INFO  no build target found for /Users/sahil.patel/Programming/w07 Shuffle/Test.scala. Using presentation compiler with project's scala-library version: 3.3.6
2025.11.25 16:03:40 WARN  no build target for: /Users/sahil.patel/Programming/w07 Shuffle/Card.scala
2025.11.25 16:03:39 INFO  no build target found for /Users/sahil.patel/Programming/w07 Shuffle/Card.scala. Using presentation compiler with project's scala-library version: 3.3.6
2025.11.25 16:03:40 INFO  no build target found for /Users/sahil.patel/Programming/w07 Shuffle/Card.scala. Using presentation compiler with project's scala-library version: 3.3.6
2025.11.25 16:03:39 INFO  no build target found for /Users/sahil.patel/Programming/w07 Shuffle/Card.scala. Using presentation compiler with project's scala-library version: 3.3.6
2025.11.25 16:03:41 INFO  no build target found for /Users/sahil.patel/Programming/w07 Shuffle/Card.scala. Using presentation compiler with project's scala-library version: 3.3.6
2025.11.25 16:03:41 INFO  no build target found for /Users/sahil.patel/Programming/w07 Shuffle/Card.scala. Using presentation compiler with project's scala-library version: 3.3.6
2025.11.25 16:43:51 INFO  no build target found for /Users/sahil.patel/Programming/w07 Shuffle/Card.scala. Using presentation compiler with project's scala-library version: 3.3.6
2025.11.25 16:43:52 INFO  no build target found for /Users/sahil.patel/Programming/w07 Shuffle/Card.scala. Using presentation compiler with project's scala-library version: 3.3.6
2025.11.25 16:43:55 INFO  no build target found for /Users/sahil.patel/Programming/w07 Shuffle/Card.scala. Using presentation compiler with project's scala-library version: 3.3.6
2025.11.25 16:44:54 WARN  no build target for: /Users/sahil.patel/Programming/w07 Shuffle/Test.scala
2025.11.25 16:44:54 INFO  no build target found for /Users/sahil.patel/Programming/w07 Shuffle/Test.scala. Using presentation compiler with project's scala-library version: 3.3.6
2025.11.25 16:44:54 INFO  no build target found for /Users/sahil.patel/Programming/w07 Shuffle/Test.scala. Using presentation compiler with project's scala-library version: 3.3.6
2025.11.25 16:44:54 INFO  no build target found for /Users/sahil.patel/Programming/w07 Shuffle/Test.scala. Using presentation compiler with project's scala-library version: 3.3.6
2025.11.25 16:44:59 INFO  no build target found for /Users/sahil.patel/Programming/w07 Shuffle/Test.scala. Using presentation compiler with project's scala-library version: 3.3.6
2025.11.25 16:44:59 INFO  no build target found for /Users/sahil.patel/Programming/w07 Shuffle/Test.scala. Using presentation compiler with project's scala-library version: 3.3.6
2025.11.25 16:45:29 INFO  no build target found for /Users/sahil.patel/Programming/w07 Shuffle/Test.scala. Using presentation compiler with project's scala-library version: 3.3.6
2025.11.25 16:45:29 INFO  no build target found for /Users/sahil.patel/Programming/w07 Shuffle/Test.scala. Using presentation compiler with project's scala-library version: 3.3.6
2025.11.25 16:45:31 INFO  no build target found for /Users/sahil.patel/Programming/w07 Shuffle/Test.scala. Using presentation compiler with project's scala-library version: 3.3.6
2025.11.25 16:45:35 WARN  no build target for: /Users/sahil.patel/Programming/w07 Shuffle/Deck.scala
2025.11.25 16:45:35 INFO  no build target found for /Users/sahil.patel/Programming/w07 Shuffle/Deck.scala. Using presentation compiler with project's scala-library version: 3.3.6
2025.11.25 16:45:35 INFO  no build target found for /Users/sahil.patel/Programming/w07 Shuffle/Deck.scala. Using presentation compiler with project's scala-library version: 3.3.6
2025.11.25 16:45:35 INFO  no build target found for /Users/sahil.patel/Programming/w07 Shuffle/Deck.scala. Using presentation compiler with project's scala-library version: 3.3.6
2025.11.25 16:45:35 INFO  no build target found for /Users/sahil.patel/Programming/w07 Shuffle/Deck.scala. Using presentation compiler with project's scala-library version: 3.3.6
2025.11.25 16:45:37 INFO  no build target found for /Users/sahil.patel/Programming/w07 Shuffle/Deck.scala. Using presentation compiler with project's scala-library version: 3.3.6
2025.11.25 16:45:37 INFO  no build target found for /Users/sahil.patel/Programming/w07 Shuffle/Deck.scala. Using presentation compiler with project's scala-library version: 3.3.6
2025.11.25 16:45:37 INFO  Created report: Optional[file:///Users/sahil.patel/Programming/w07%20Shuffle/Deck.scala]
2025.11.25 16:45:37 INFO  empty definition using pc, found symbol in pc: scala/Array# (full report at: "/Users/sahil.patel/Programming/w07 Shuffle/.metals/.reports/metals-full/2025-11-25/r_empty-definition_16-45-37-898.md")
2025.11.25 16:45:38 INFO  no build target found for /Users/sahil.patel/Programming/w07 Shuffle/Deck.scala. Using presentation compiler with project's scala-library version: 3.3.6
2025.11.25 16:46:21 WARN  no build target for: /Users/sahil.patel/Programming/w07 Shuffle/Hand.scala
2025.11.25 16:46:21 INFO  no build target found for /Users/sahil.patel/Programming/w07 Shuffle/Hand.scala. Using presentation compiler with project's scala-library version: 3.3.6
2025.11.25 16:46:21 INFO  no build target found for /Users/sahil.patel/Programming/w07 Shuffle/Hand.scala. Using presentation compiler with project's scala-library version: 3.3.6
2025.11.25 16:46:21 INFO  no build target found for /Users/sahil.patel/Programming/w07 Shuffle/Hand.scala. Using presentation compiler with project's scala-library version: 3.3.6
2025.11.25 16:46:21 INFO  no build target found for /Users/sahil.patel/Programming/w07 Shuffle/Hand.scala. Using presentation compiler with project's scala-library version: 3.3.6
2025.11.25 16:46:25 INFO  no build target found for /Users/sahil.patel/Programming/w07 Shuffle/Hand.scala. Using presentation compiler with project's scala-library version: 3.3.6
2025.11.25 16:46:25 INFO  no build target found for /Users/sahil.patel/Programming/w07 Shuffle/Hand.scala. Using presentation compiler with project's scala-library version: 3.3.6
2025.11.25 16:46:56 WARN  no build target for: /Users/sahil.patel/Programming/w07 Shuffle/PokerProbability.scala
2025.11.25 16:46:56 INFO  no build target found for /Users/sahil.patel/Programming/w07 Shuffle/PokerProbability.scala. Using presentation compiler with project's scala-library version: 3.3.6
2025.11.25 16:46:56 INFO  no build target found for /Users/sahil.patel/Programming/w07 Shuffle/PokerProbability.scala. Using presentation compiler with project's scala-library version: 3.3.6
2025.11.25 16:47:02 INFO  no build target found for /Users/sahil.patel/Programming/w07 Shuffle/PokerProbability.scala. Using presentation compiler with project's scala-library version: 3.3.6
2025.11.25 16:47:02 INFO  no build target found for /Users/sahil.patel/Programming/w07 Shuffle/PokerProbability.scala. Using presentation compiler with project's scala-library version: 3.3.6
2025.11.25 16:47:02 INFO  no build target found for /Users/sahil.patel/Programming/w07 Shuffle/PokerProbability.scala. Using presentation compiler with project's scala-library version: 3.3.6
2025.11.25 16:48:03 WARN  no build target for: /Users/sahil.patel/Programming/w07 Shuffle/project.scala
2025.11.25 16:48:03 INFO  no build target found for /Users/sahil.patel/Programming/w07 Shuffle/project.scala. Using presentation compiler with project's scala-library version: 3.3.6
2025.11.25 16:48:03 INFO  no build target found for /Users/sahil.patel/Programming/w07 Shuffle/project.scala. Using presentation compiler with project's scala-library version: 3.3.6
2025.11.25 16:48:03 WARN  Could not find semantic tokens for: file:///Users/sahil.patel/Programming/w07%20Shuffle/project.scala
2025.11.25 16:48:03 INFO  no build target found for /Users/sahil.patel/Programming/w07 Shuffle/project.scala. Using presentation compiler with project's scala-library version: 3.3.6
2025.11.25 16:48:03 INFO  no build target found for /Users/sahil.patel/Programming/w07 Shuffle/project.scala. Using presentation compiler with project's scala-library version: 3.3.6
2025.11.25 16:48:05 INFO  no build target found for /Users/sahil.patel/Programming/w07 Shuffle/project.scala. Using presentation compiler with project's scala-library version: 3.3.6
2025.11.25 16:48:05 INFO  no build target found for /Users/sahil.patel/Programming/w07 Shuffle/project.scala. Using presentation compiler with project's scala-library version: 3.3.6
2025.11.25 16:48:13 INFO  no build target found for /Users/sahil.patel/Programming/w07 Shuffle/project.scala. Using presentation compiler with project's scala-library version: 3.3.6
2025.11.25 16:48:13 INFO  no build target found for /Users/sahil.patel/Programming/w07 Shuffle/project.scala. Using presentation compiler with project's scala-library version: 3.3.6
2025.11.25 16:48:13 INFO  no build target found for /Users/sahil.patel/Programming/w07 Shuffle/project.scala. Using presentation compiler with project's scala-library version: 3.3.6
2025.11.25 16:48:13 WARN  Could not find semantic tokens for: file:///Users/sahil.patel/Programming/w07%20Shuffle/project.scala
2025.11.25 16:48:13 INFO  no build target found for /Users/sahil.patel/Programming/w07 Shuffle/project.scala. Using presentation compiler with project's scala-library version: 3.3.6
2025.11.25 16:48:13 INFO  no build target found for /Users/sahil.patel/Programming/w07 Shuffle/project.scala. Using presentation compiler with project's scala-library version: 3.3.6
2025.11.25 16:48:14 INFO  no build target found for /Users/sahil.patel/Programming/w07 Shuffle/project.scala. Using presentation compiler with project's scala-library version: 3.3.6
2025.11.25 16:48:14 WARN  Could not find semantic tokens for: file:///Users/sahil.patel/Programming/w07%20Shuffle/project.scala
2025.11.25 16:50:42 WARN  no build target for: /Users/sahil.patel/Programming/w07 Shuffle/Card.scala
2025.11.25 16:50:42 INFO  no build target found for /Users/sahil.patel/Programming/w07 Shuffle/Card.scala. Using presentation compiler with project's scala-library version: 3.3.6
2025.11.25 16:50:42 INFO  no build target found for /Users/sahil.patel/Programming/w07 Shuffle/Card.scala. Using presentation compiler with project's scala-library version: 3.3.6
2025.11.25 16:50:42 INFO  no build target found for /Users/sahil.patel/Programming/w07 Shuffle/Card.scala. Using presentation compiler with project's scala-library version: 3.3.6
2025.11.25 16:50:42 INFO  no build target found for /Users/sahil.patel/Programming/w07 Shuffle/Card.scala. Using presentation compiler with project's scala-library version: 3.3.6
2025.11.25 16:50:43 INFO  no build target found for /Users/sahil.patel/Programming/w07 Shuffle/Card.scala. Using presentation compiler with project's scala-library version: 3.3.6
2025.11.25 17:14:11 WARN  no build target for: /Users/sahil.patel/Programming/w07 Shuffle/Deck.scala
2025.11.25 17:14:11 INFO  no build target found for /Users/sahil.patel/Programming/w07 Shuffle/Deck.scala. Using presentation compiler with project's scala-library version: 3.3.6
2025.11.25 17:14:11 INFO  no build target found for /Users/sahil.patel/Programming/w07 Shuffle/Deck.scala. Using presentation compiler with project's scala-library version: 3.3.6
2025.11.25 17:14:11 INFO  no build target found for /Users/sahil.patel/Programming/w07 Shuffle/Deck.scala. Using presentation compiler with project's scala-library version: 3.3.6
2025.11.25 17:14:11 INFO  no build target found for /Users/sahil.patel/Programming/w07 Shuffle/Deck.scala. Using presentation compiler with project's scala-library version: 3.3.6
2025.11.25 17:14:22 INFO  no build target found for /Users/sahil.patel/Programming/w07 Shuffle/Deck.scala. Using presentation compiler with project's scala-library version: 3.3.6
2025.11.25 17:14:23 INFO  no build target found for /Users/sahil.patel/Programming/w07 Shuffle/Deck.scala. Using presentation compiler with project's scala-library version: 3.3.6
2025.11.25 17:14:24 INFO  no build target found for /Users/sahil.patel/Programming/w07 Shuffle/Deck.scala. Using presentation compiler with project's scala-library version: 3.3.6
2025.11.25 17:14:24 INFO  no build target found for /Users/sahil.patel/Programming/w07 Shuffle/Deck.scala. Using presentation compiler with project's scala-library version: 3.3.6
2025.11.25 17:14:24 INFO  no build target found for /Users/sahil.patel/Programming/w07 Shuffle/Deck.scala. Using presentation compiler with project's scala-library version: 3.3.6
2025.11.25 17:14:25 INFO  no build target found for /Users/sahil.patel/Programming/w07 Shuffle/Deck.scala. Using presentation compiler with project's scala-library version: 3.3.6
2025.11.25 17:14:25 INFO  no build target found for /Users/sahil.patel/Programming/w07 Shuffle/Deck.scala. Using presentation compiler with project's scala-library version: 3.3.6
